  Compiling CUDA source file Main.cu...
  
  C:\Users\simou\source\repos\MachineLearning_v2_CUDAsupport\MachineLearning_v2_CUDAsupport>"C:\Program Files\NVIDIA GPU Computing Toolkit\CUDA\v12.2\bin\nvcc.exe" -gencode=arch=compute_52,code=\"sm_52,compute_52\" --use-local-env -ccbin "C:\Program Files\Microsoft Visual Studio\2022\Community\VC\Tools\MSVC\14.38.33130\bin\HostX64\x64" -x cu   -I"C:\Program Files\NVIDIA GPU Computing Toolkit\CUDA\v12.2\include" -I"C:\Program Files\NVIDIA GPU Computing Toolkit\CUDA\v12.2\include"     --keep-dir x64\Release  -maxrregcount=0   --machine 64 --compile -cudart static    -DWIN32 -DWIN64 -DNDEBUG -D_CONSOLE -D_MBCS -Xcompiler "/EHsc /W3 /nologo /O2 /FS   /MD " -Xcompiler "/Fdx64\Release\vc143.pdb" -o C:\Users\simou\source\repos\MachineLearning_v2_CUDAsupport\MachineLearning_v2_CUDAsupport\x64\Release\Main.cu.obj "C:\Users\simou\source\repos\MachineLearning_v2_CUDAsupport\MachineLearning_v2_CUDAsupport\Main.cu" 
C:\Users\simou\source\repos\MachineLearning_v2_CUDAsupport\MachineLearning_v2_CUDAsupport\AI_structs\Layer.hpp(9): warning #1866-D: attribute does not apply to any entity
    __declspec(__host__) __declspec(__device__) struct Layer {
                                    ^
  
  Remark: The warnings can be suppressed with "-diag-suppress <warning-number>"
  
C:\Users\simou\source\repos\MachineLearning_v2_CUDAsupport\MachineLearning_v2_CUDAsupport\Singletons\Input.hpp(74): warning #68-D: integer conversion resulted in a change of sign
    	void keyChange(int VK_code, char status = 255) {
    	                                          ^
  
C:\Users\simou\source\repos\MachineLearning_v2_CUDAsupport\MachineLearning_v2_CUDAsupport\Singletons\BitmapImage.hpp(85): warning #186-D: pointless comparison of unsigned integer with zero
    				for (uint8 i = 0; i < 3 - 3; i++) {
    				                    ^
  
C:\Users\simou\source\repos\MachineLearning_v2_CUDAsupport\MachineLearning_v2_CUDAsupport\Main.cu(25): warning #951-D: return type of function "main" must be "int"
    void main(){
         ^
  
C:\Users\simou\source\repos\MachineLearning_v2_CUDAsupport\MachineLearning_v2_CUDAsupport\AI_structs\Layer.hpp(9): warning #1866-D: attribute does not apply to any entity
    __declspec(__host__) __declspec(__device__) struct Layer {
                                    ^
  
  Remark: The warnings can be suppressed with "-diag-suppress <warning-number>"
  
C:\Users\simou\source\repos\MachineLearning_v2_CUDAsupport\MachineLearning_v2_CUDAsupport\Singletons\Input.hpp(74): warning #68-D: integer conversion resulted in a change of sign
    	void keyChange(int VK_code, char status = 255) {
    	                                          ^
  
C:\Users\simou\source\repos\MachineLearning_v2_CUDAsupport\MachineLearning_v2_CUDAsupport\Singletons\BitmapImage.hpp(85): warning #186-D: pointless comparison of unsigned integer with zero
    				for (uint8 i = 0; i < 3 - 3; i++) {
    				                    ^
  
C:\Users\simou\source\repos\MachineLearning_v2_CUDAsupport\MachineLearning_v2_CUDAsupport\Main.cu(25): warning #951-D: return type of function "main" must be "int"
    void main(){
         ^
  
  Main.cu
  tmpxft_00005004_00000000-7_Main.cudafe1.cpp
C:\Users\simou\source\repos\MachineLearning_v2_CUDAsupport\MachineLearning_v2_CUDAsupport\AI_structs\NeuralNetwork.hpp(36): warning C4244: '=': conversione da 'float' a 'int'. Possibile perdita di dati.
C:\Users\simou\source\repos\MachineLearning_v2_CUDAsupport\MachineLearning_v2_CUDAsupport\AI_structs\NeuralNetwork.hpp(44): warning C4244: '=': conversione da 'float' a 'elementType'. Possibile perdita di dati.
          with
          [
              elementType=int
          ]
C:\Users\simou\source\repos\MachineLearning_v2_CUDAsupport\MachineLearning_v2_CUDAsupport\AI_structs\NeuralNetwork.hpp(289): warning C4244: 'inizializzazione': conversione da 'float' a 'int'. Possibile perdita di dati.
C:\Users\simou\source\repos\MachineLearning_v2_CUDAsupport\MachineLearning_v2_CUDAsupport\AI_structs\NeuralNetwork.hpp(299): warning C4244: 'inizializzazione': conversione da 'float' a 'int'. Possibile perdita di dati.
C:\Users\simou\source\repos\MachineLearning_v2_CUDAsupport\MachineLearning_v2_CUDAsupport\Singletons\Input.hpp(74): warning C4309: 'argomento predefinito': troncamento di valore costante
C:\Users\simou\source\repos\MachineLearning_v2_CUDAsupport\MachineLearning_v2_CUDAsupport\Singletons\MyWindow.hpp(28): warning C4244: 'argomento': conversione da 'WPARAM' a 'int'. Possibile perdita di dati.
C:\Users\simou\source\repos\MachineLearning_v2_CUDAsupport\MachineLearning_v2_CUDAsupport\Singletons\MyWindow.hpp(31): warning C4244: 'argomento': conversione da 'WPARAM' a 'int'. Possibile perdita di dati.
C:\Users\simou\source\repos\MachineLearning_v2_CUDAsupport\MachineLearning_v2_CUDAsupport\Singletons\Drawer.cuh(49): warning C4244: '=': conversione da 'int' a 'float'. Possibile perdita di dati.
C:\Users\simou\source\repos\MachineLearning_v2_CUDAsupport\MachineLearning_v2_CUDAsupport\Singletons\Drawer.cuh(53): warning C4244: '=': conversione da 'int' a 'float'. Possibile perdita di dati.
C:\Users\simou\source\repos\MachineLearning_v2_CUDAsupport\MachineLearning_v2_CUDAsupport\Singletons\Drawer.cuh(57): warning C4244: '=': conversione da 'int' a 'float'. Possibile perdita di dati.
C:\Users\simou\source\repos\MachineLearning_v2_CUDAsupport\MachineLearning_v2_CUDAsupport\Singletons\Drawer.cuh(61): warning C4244: '=': conversione da 'int' a 'float'. Possibile perdita di dati.
C:\Users\simou\source\repos\MachineLearning_v2_CUDAsupport\MachineLearning_v2_CUDAsupport\Singletons\Drawer.cuh(64): warning C4244: '=': conversione da 'int' a 'float'. Possibile perdita di dati.
C:\Users\simou\source\repos\MachineLearning_v2_CUDAsupport\MachineLearning_v2_CUDAsupport\Singletons\Drawer.cuh(68): warning C4244: '=': conversione da 'int' a 'float'. Possibile perdita di dati.
C:\Users\simou\source\repos\MachineLearning_v2_CUDAsupport\MachineLearning_v2_CUDAsupport\Singletons\DrawingsReader.hpp(24): warning C4018: '<': errata corrispondenza tra signed e unsigned
C:\Users\simou\source\repos\MachineLearning_v2_CUDAsupport\MachineLearning_v2_CUDAsupport\AI_structs\../Singletons\BasicFileFunctions.hpp(31): warning C4244: 'return': conversione da 'double' a 'float'. Possibile perdita di dati.
  C:\Users\simou\source\repos\MachineLearning_v2_CUDAsupport\MachineLearning_v2_CUDAsupport\AI_structs\../Singletons\BasicFileFunctions.hpp(31): note: il contesto di creazione dell'istanza del modello (prima il meno recente) è
  C:\Users\simou\source\repos\MachineLearning_v2_CUDAsupport\MachineLearning_v2_CUDAsupport\AI_structs\TrainingBatch.hpp(109): note: vedere il riferimento all'istanza 'float ReadFloat<char>(std::fstream &,T *,char,char)' della funzione modello di cui è in corso la compilazione
          with
          [
              T=char
          ]
     Creazione della libreria C:\Users\simou\source\repos\MachineLearning_v2_CUDAsupport\x64\Release\MachineLearning_v2_CUDAsupport.lib e dell'oggetto C:\Users\simou\source\repos\MachineLearning_v2_CUDAsupport\x64\Release\MachineLearning_v2_CUDAsupport.exp
LINK : warning LNK4098: la libreria predefinita 'LIBCMT' è in conflitto con l'utilizzo di altre librerie; usare /NODEFAULTLIB:libreria
  LINK : è stata specificata l'opzione /LTCG ma non è richiesta la generazione del codice; rimuovere /LTCG dalla riga di comando del collegamento per migliorare le prestazioni del linker
  MachineLearning_v2_CUDAsupport.vcxproj -> C:\Users\simou\source\repos\MachineLearning_v2_CUDAsupport\x64\Release\MachineLearning_v2_CUDAsupport.exe
